*----------------------------------------------------------------------------------------
*	Voltus IC Power Integrity Solution 23.14-s096_1 (64bit) 06/18/2025 12:53 (Linux 3.10.0-693.el7.x86_64)
*	
*
* 	Date & Time:	2025-Jun-26 03:08:32 (2025-Jun-26 10:08:32 GMT)
*
*----------------------------------------------------------------------------------------
*
*	Design: super_filter
*
*	Liberty Libraries used: 
*	        AV_wc_on: /home/ishaans/LAB/voltus_labs_CUI/design/postRouteOpt.design.dat/libs/mmmc/slow.lib_ecsm
*	        AV_wc_on: /home/ishaans/LAB/voltus_labs_CUI/design/postRouteOpt.design.dat/libs/mmmc/pll.lib
*	        AV_wc_on: /home/ishaans/LAB/voltus_labs_CUI/design/postRouteOpt.design.dat/libs/mmmc/bufao.lib
*	        AV_wc_on: /home/ishaans/LAB/voltus_labs_CUI/design/postRouteOpt.design.dat/libs/mmmc/pso_header.lib
*	        AV_wc_on: /home/ishaans/LAB/voltus_labs_CUI/design/postRouteOpt.design.dat/libs/mmmc/pso_ring.lib
*
*	Power Domain used: 
*              Rail:     VDD_AO      Voltage:        0.9 
*              Rail: VDD_column      Voltage:        0.9 
*              Rail:   VDD_ring      Voltage:        0.9 
*              Rail: VDD_external      Voltage:        0.9 
*
*	Parasitic Files used: 
*	        ../design/postRouteOpt_RC_wc_125.spef.gz
*
*	DEF Files used: 
*	        ../design/postRouteOpt.design.dat/super_filter.def.gz
*
*       Power View : AV_wc_on
*
*       User-Defined: net rst activity : 0.25
*
*       User-Defined: pin column/RC_CG_HIER_INST4/RC_CGIC_INST/ECK activity : 0.1
*
*       User-Defined: pin column/RC_CG_HIER_INST5/RC_CGIC_INST/ECK activity : 0.1
*
*       User-Defined: pin RC_CG_DECLONE_HIER_INST80/RC_CGIC_INST/ECK activity : 0.1
*
*       User-Defined: pin ring/RC_CG_HIER_INST8/RC_CGIC_INST/ECK activity : 0.1
*
*       User-Defined: pin ring/RC_CG_HIER_INST9/RC_CGIC_INST/ECK activity : 0.1
*
*       User-Defined: pin RC_CG_DECLONE_HIER_INST/RC_CGIC_INST/ECK activity : 0.1
*
*       User-Defined Activity : N.A.
*
*       Activity File: N.A.
*
*       Hierarchical Global Activity: N.A.
*
*       Global Activity: N.A.
*
*       Sequential Element Activity: 0.200000
*
*       Primary Input Activity: 0.300000
*
*       Default icg ratio: N.A.
*
*       Global Comb ClockGate Ratio: N.A.
*
*       Global ClockGate Output: 0.500000
*
*	Power Units = 1mW
*
*	Time Units = 1e-09 secs 
*
*       report_power -outfile ./static_power/super_filter.rpt -rail_analysis_format VS
*
-----------------------------------------------------------------------------------------
Cell                            Internal   Switching       Total     Leakage   Cell
                                   Power       Power       Power       Power   Name
--------------------------------------------------------------------------------------
ref_clk__L1_I0                   0.01774    0.001586     0.01969    0.000367  CLKBUFX20
test_clk__L1_I0                 0.008848    0.001047     0.01026    0.000367  CLKBUFX20
AO2/clk__Fence_N0__L1_I0        0.004361    0.004816    0.009545    0.000367  CLKBUFX20
column/clk__FENCE_MSV_Fence_I_N0__L2_I1   0.004376    0.004774    0.009517    0.000367  CLKBUFX20
column/clk__FENCE_MSV_Fence_I_N0__L2_I0   0.004376     0.00472    0.009463    0.000367  CLKBUFX20
column/clk__FENCE_MSV_Fence_I_N0__L2_I2   0.004376    0.004672    0.009415    0.000367  CLKBUFX20
AO2/clk__Fence_N0__L1_I1        0.004356    0.004088    0.008811    0.000367  CLKBUFX20
AO2/clk__Fence_N0__L1_I2        0.004347    0.002597    0.007311    0.000367  CLKBUFX20
AO1/clk__Fence_N1__L1_I0        0.004525     0.00259    0.007302   0.0001864  BUFX16
AO2/clk__Fence_N0__L1_I3        0.004347    0.002581    0.007294    0.000367  CLKBUFX20
AO1/clk__Fence_N1__L1_I2        0.004525    0.002582    0.007294   0.0001864  BUFX16
AO1/clk__Fence_N1__L1_I3        0.004525    0.002473    0.007185   0.0001864  BUFX16
AO1/clk__Fence_N1__L1_I5        0.004525    0.002466    0.007177   0.0001864  BUFX16
external/clk__FENCE_MSV_Fence_I_N0__L1_I3   0.004524    0.002436    0.007147   0.0001864  BUFX16
AO1/clk__Fence_I1               0.004386    0.002382    0.007135    0.000367  CLKBUFX20
external/clk__FENCE_MSV_Fence_I_N0__L1_I2   0.004524    0.002406    0.007117   0.0001864  BUFX16
external/clk__FENCE_MSV_Fence_I_N0__L1_I5   0.004524    0.002403    0.007113   0.0001864  BUFX16
external/clk__FENCE_MSV_Fence_I_I0   0.004387    0.002357     0.00711    0.000367  CLKBUFX20
external/clk__FENCE_MSV_Fence_I_N0__L1_I0   0.004524    0.002341    0.007052   0.0001864  BUFX16
external/clk__FENCE_MSV_Fence_I_N0__L1_I1   0.004524    0.002243    0.006953   0.0001864  BUFX16
AO2/clk__Fence_I0               0.004394    0.002122    0.006883    0.000367  CLKBUFX20
external/clk__FENCE_MSV_Fence_I_N0__L1_I4   0.004523    0.002119    0.006828   0.0001864  BUFX16
AO1/clk__Fence_N1__L1_I1        0.004523    0.002051    0.006761   0.0001864  BUFX16
AO1/clk__Fence_N1__L1_I4        0.004523     0.00204     0.00675   0.0001864  BUFX16
clk__L1_I0                      0.004532     0.00152    0.006239   0.0001864  BUFX16
column/clk__FENCE_MSV_Fence_I_I0    0.00436    0.001094    0.005821    0.000367  CLKBUFX20
ring/clk__FENCE_MSV_Fence_I_N0__L2_I0   0.001737    0.003717    0.005601   0.0001474  BUFX8
ring/clk__FENCE_MSV_Fence_I_N0__L2_I1   0.001737    0.003715    0.005599   0.0001474  BUFX8
ring/clk__FENCE_MSV_Fence_I_I0   0.004383   0.0007949    0.005545    0.000367  CLKBUFX20
ring/clk__FENCE_MSV_Fence_I_N0__L2_I2   0.001734    0.003228     0.00511   0.0001474  BUFX8
ring/clk__FENCE_MSV_Fence_I_N0__L2_I3   0.001734    0.003209    0.005091   0.0001474  BUFX8
